  lista_dubla_circulara.c
C:\Users\Administrator\source\repos\SDD2026\Seminar_3\Sem2SDD_1050\lista_dubla_circulara.c(22,43): warning C4013: 'strlen' undefined; assuming extern returning int
C:\Users\Administrator\source\repos\SDD2026\Seminar_3\Sem2SDD_1050\lista_dubla_circulara.c(24,8): warning C4013: 'strcpy' undefined; assuming extern returning int
C:\Users\Administrator\source\repos\SDD2026\Seminar_3\Sem2SDD_1050\lista_dubla_circulara.c(30,17): warning C4133: '=': incompatible types - from 'nodLS *' to 'nodLS *'
C:\Users\Administrator\source\repos\SDD2026\Seminar_3\Sem2SDD_1050\lista_dubla_circulara.c(31,17): warning C4133: '=': incompatible types - from 'nodLS *' to 'nodLS *'
C:\Users\Administrator\source\repos\SDD2026\Seminar_3\Sem2SDD_1050\lista_dubla_circulara.c(51,23): warning C4133: '=': incompatible types - from 'nodLS *' to 'nodLS *'
C:\Users\Administrator\source\repos\SDD2026\Seminar_3\Sem2SDD_1050\lista_dubla_circulara.c(52,21): warning C4133: '=': incompatible types - from 'nodLS *' to 'nodLS *'
C:\Users\Administrator\source\repos\SDD2026\Seminar_3\Sem2SDD_1050\lista_dubla_circulara.c(54,25): warning C4133: '=': incompatible types - from 'nodLS *' to 'nodLS *'
C:\Users\Administrator\source\repos\SDD2026\Seminar_3\Sem2SDD_1050\lista_dubla_circulara.c(55,23): warning C4133: '=': incompatible types - from 'nodLS *' to 'nodLS *'
C:\Users\Administrator\source\repos\SDD2026\Seminar_3\Sem2SDD_1050\lista_dubla_circulara.c(69,21): warning C4133: '=': incompatible types - from 'nodLS *' to 'nodLS *'
C:\Users\Administrator\source\repos\SDD2026\Seminar_3\Sem2SDD_1050\lista_dubla_circulara.c(70,19): warning C4133: '=': incompatible types - from 'nodLS *' to 'nodLS *'
C:\Users\Administrator\source\repos\SDD2026\Seminar_3\Sem2SDD_1050\lista_dubla_circulara.c(81,20): warning C4133: '=': incompatible types - from 'nodLS *' to 'nodLS *'
C:\Users\Administrator\source\repos\SDD2026\Seminar_3\Sem2SDD_1050\lista_dubla_circulara.c(90,26): warning C4133: '!=': incompatible types - from 'nodLS *' to 'nodLS *'
C:\Users\Administrator\source\repos\SDD2026\Seminar_3\Sem2SDD_1050\lista_dubla_circulara.c(96,20): warning C4133: '=': incompatible types - from 'nodLS *' to 'nodLS *'
C:\Users\Administrator\source\repos\SDD2026\Seminar_3\Sem2SDD_1050\lista_dubla_circulara.c(107,26): warning C4133: '!=': incompatible types - from 'nodLS *' to 'nodLS *'
C:\Users\Administrator\source\repos\SDD2026\Seminar_3\Sem2SDD_1050\lista_dubla_circulara.c(113,20): warning C4133: '=': incompatible types - from 'nodLS *' to 'nodLS *'
C:\Users\Administrator\source\repos\SDD2026\Seminar_3\Sem2SDD_1050\lista_dubla_circulara.c(124,26): warning C4133: '!=': incompatible types - from 'nodLS *' to 'nodLS *'
C:\Users\Administrator\source\repos\SDD2026\Seminar_3\Sem2SDD_1050\lista_dubla_circulara.c(126,1): warning C4133: 'initializing': incompatible types - from 'nodLS *' to 'nodLS *'
C:\Users\Administrator\source\repos\SDD2026\Seminar_3\Sem2SDD_1050\lista_dubla_circulara.c(148,26): warning C4133: '!=': incompatible types - from 'nodLS *' to 'nodLS *'
C:\Users\Administrator\source\repos\SDD2026\Seminar_3\Sem2SDD_1050\lista_dubla_circulara.c(155,20): warning C4133: '=': incompatible types - from 'nodLS *' to 'nodLS *'
C:\Users\Administrator\source\repos\SDD2026\Seminar_3\Sem2SDD_1050\lista_dubla_circulara.c(166,12): warning C4013: 'strcmp' undefined; assuming extern returning int
C:\Users\Administrator\source\repos\SDD2026\Seminar_3\Sem2SDD_1050\lista_dubla_circulara.c(169,22): warning C4133: '=': incompatible types - from 'nodLS *' to 'nodLS *'
C:\Users\Administrator\source\repos\SDD2026\Seminar_3\Sem2SDD_1050\lista_dubla_circulara.c(172,24): warning C4133: '=': incompatible types - from 'nodLS *' to 'nodLS *'
C:\Users\Administrator\source\repos\SDD2026\Seminar_3\Sem2SDD_1050\lista_dubla_circulara.c(173,24): warning C4133: '=': incompatible types - from 'nodLS *' to 'nodLS *'
C:\Users\Administrator\source\repos\SDD2026\Seminar_3\Sem2SDD_1050\lista_dubla_circulara.c(183,27): warning C4133: '=': incompatible types - from 'nodLS *' to 'nodLS *'
C:\Users\Administrator\source\repos\SDD2026\Seminar_3\Sem2SDD_1050\lista_dubla_circulara.c(186,25): warning C4133: '=': incompatible types - from 'nodLS *' to 'nodLS *'
C:\Users\Administrator\source\repos\SDD2026\Seminar_3\Sem2SDD_1050\lista_dubla_circulara.c(187,25): warning C4133: '=': incompatible types - from 'nodLS *' to 'nodLS *'
C:\Users\Administrator\source\repos\SDD2026\Seminar_3\Sem2SDD_1050\lista_dubla_circulara.c(196,29): warning C4133: '!=': incompatible types - from 'nodLS *' to 'nodLS *'
C:\Users\Administrator\source\repos\SDD2026\Seminar_3\Sem2SDD_1050\lista_dubla_circulara.c(202,30): warning C4133: '=': incompatible types - from 'nodLS *' to 'nodLS *'
C:\Users\Administrator\source\repos\SDD2026\Seminar_3\Sem2SDD_1050\lista_dubla_circulara.c(203,30): warning C4133: '=': incompatible types - from 'nodLS *' to 'nodLS *'
C:\Users\Administrator\source\repos\SDD2026\Seminar_3\Sem2SDD_1050\lista_dubla_circulara.c(210,23): warning C4133: '=': incompatible types - from 'nodLS *' to 'nodLS *'
C:\Users\Administrator\source\repos\SDD2026\Seminar_3\Sem2SDD_1050\lista_dubla_circulara.c(216,29): warning C4133: '=': incompatible types - from 'nodLS *' to 'nodLS *'
C:\Users\Administrator\source\repos\SDD2026\Seminar_3\Sem2SDD_1050\lista_dubla_circulara.c(217,29): warning C4133: '=': incompatible types - from 'nodLS *' to 'nodLS *'
C:\Users\Administrator\source\repos\SDD2026\Seminar_3\Sem2SDD_1050\lista_dubla_circulara.c(200,1): warning C4133: 'initializing': incompatible types - from 'nodLS *' to 'nodLS *'
C:\Users\Administrator\source\repos\SDD2026\Seminar_3\Sem2SDD_1050\lista_dubla_circulara.c(201,1): warning C4133: 'initializing': incompatible types - from 'nodLS *' to 'nodLS *'
C:\Users\Administrator\source\repos\SDD2026\Seminar_3\Sem2SDD_1050\lista_dubla_circulara.c(214,1): warning C4133: 'initializing': incompatible types - from 'nodLS *' to 'nodLS *'
C:\Users\Administrator\source\repos\SDD2026\Seminar_3\Sem2SDD_1050\lista_dubla_circulara.c(215,1): warning C4133: 'initializing': incompatible types - from 'nodLS *' to 'nodLS *'
C:\Users\Administrator\source\repos\SDD2026\Seminar_3\Sem2SDD_1050\lista_dubla_circulara.c(231,22): warning C4133: '=': incompatible types - from 'nodLS *' to 'nodLS *'
C:\Users\Administrator\source\repos\SDD2026\Seminar_3\Sem2SDD_1050\lista_dubla_circulara.c(234,24): warning C4133: '=': incompatible types - from 'nodLS *' to 'nodLS *'
C:\Users\Administrator\source\repos\SDD2026\Seminar_3\Sem2SDD_1050\lista_dubla_circulara.c(235,24): warning C4133: '=': incompatible types - from 'nodLS *' to 'nodLS *'
C:\Users\Administrator\source\repos\SDD2026\Seminar_3\Sem2SDD_1050\lista_dubla_circulara.c(245,27): warning C4133: '=': incompatible types - from 'nodLS *' to 'nodLS *'
C:\Users\Administrator\source\repos\SDD2026\Seminar_3\Sem2SDD_1050\lista_dubla_circulara.c(248,25): warning C4133: '=': incompatible types - from 'nodLS *' to 'nodLS *'
C:\Users\Administrator\source\repos\SDD2026\Seminar_3\Sem2SDD_1050\lista_dubla_circulara.c(249,25): warning C4133: '=': incompatible types - from 'nodLS *' to 'nodLS *'
C:\Users\Administrator\source\repos\SDD2026\Seminar_3\Sem2SDD_1050\lista_dubla_circulara.c(258,29): warning C4133: '!=': incompatible types - from 'nodLS *' to 'nodLS *'
C:\Users\Administrator\source\repos\SDD2026\Seminar_3\Sem2SDD_1050\lista_dubla_circulara.c(264,30): warning C4133: '=': incompatible types - from 'nodLS *' to 'nodLS *'
C:\Users\Administrator\source\repos\SDD2026\Seminar_3\Sem2SDD_1050\lista_dubla_circulara.c(265,30): warning C4133: '=': incompatible types - from 'nodLS *' to 'nodLS *'
C:\Users\Administrator\source\repos\SDD2026\Seminar_3\Sem2SDD_1050\lista_dubla_circulara.c(272,23): warning C4133: '=': incompatible types - from 'nodLS *' to 'nodLS *'
C:\Users\Administrator\source\repos\SDD2026\Seminar_3\Sem2SDD_1050\lista_dubla_circulara.c(278,29): warning C4133: '=': incompatible types - from 'nodLS *' to 'nodLS *'
C:\Users\Administrator\source\repos\SDD2026\Seminar_3\Sem2SDD_1050\lista_dubla_circulara.c(279,29): warning C4133: '=': incompatible types - from 'nodLS *' to 'nodLS *'
C:\Users\Administrator\source\repos\SDD2026\Seminar_3\Sem2SDD_1050\lista_dubla_circulara.c(262,1): warning C4133: 'initializing': incompatible types - from 'nodLS *' to 'nodLS *'
C:\Users\Administrator\source\repos\SDD2026\Seminar_3\Sem2SDD_1050\lista_dubla_circulara.c(263,1): warning C4133: 'initializing': incompatible types - from 'nodLS *' to 'nodLS *'
C:\Users\Administrator\source\repos\SDD2026\Seminar_3\Sem2SDD_1050\lista_dubla_circulara.c(276,1): warning C4133: 'initializing': incompatible types - from 'nodLS *' to 'nodLS *'
C:\Users\Administrator\source\repos\SDD2026\Seminar_3\Sem2SDD_1050\lista_dubla_circulara.c(277,1): warning C4133: 'initializing': incompatible types - from 'nodLS *' to 'nodLS *'
  Sem2SDD_1050.vcxproj -> C:\Users\Administrator\source\repos\SDD2026\Seminar_3\Sem2SDD_1050\x64\Debug\Sem2SDD_1050.exe
