  lista_dubla_circulara.c
C:\Users\Administrator\source\repos\SDD2026\Seminar_3\Sem2SDD_1045\lista_dubla_circulara.c(22,39): warning C4013: 'strlen' undefined; assuming extern returning int
C:\Users\Administrator\source\repos\SDD2026\Seminar_3\Sem2SDD_1045\lista_dubla_circulara.c(23,8): warning C4013: 'strcpy' undefined; assuming extern returning int
C:\Users\Administrator\source\repos\SDD2026\Seminar_3\Sem2SDD_1045\lista_dubla_circulara.c(28,17): warning C4133: '=': incompatible types - from 'nodLS *' to 'nodLS *'
C:\Users\Administrator\source\repos\SDD2026\Seminar_3\Sem2SDD_1045\lista_dubla_circulara.c(29,17): warning C4133: '=': incompatible types - from 'nodLS *' to 'nodLS *'
C:\Users\Administrator\source\repos\SDD2026\Seminar_3\Sem2SDD_1045\lista_dubla_circulara.c(49,23): warning C4133: '=': incompatible types - from 'nodLS *' to 'nodLS *'
C:\Users\Administrator\source\repos\SDD2026\Seminar_3\Sem2SDD_1045\lista_dubla_circulara.c(50,21): warning C4133: '=': incompatible types - from 'nodLS *' to 'nodLS *'
C:\Users\Administrator\source\repos\SDD2026\Seminar_3\Sem2SDD_1045\lista_dubla_circulara.c(52,25): warning C4133: '=': incompatible types - from 'nodLS *' to 'nodLS *'
C:\Users\Administrator\source\repos\SDD2026\Seminar_3\Sem2SDD_1045\lista_dubla_circulara.c(53,23): warning C4133: '=': incompatible types - from 'nodLS *' to 'nodLS *'
C:\Users\Administrator\source\repos\SDD2026\Seminar_3\Sem2SDD_1045\lista_dubla_circulara.c(67,21): warning C4133: '=': incompatible types - from 'nodLS *' to 'nodLS *'
C:\Users\Administrator\source\repos\SDD2026\Seminar_3\Sem2SDD_1045\lista_dubla_circulara.c(68,19): warning C4133: '=': incompatible types - from 'nodLS *' to 'nodLS *'
C:\Users\Administrator\source\repos\SDD2026\Seminar_3\Sem2SDD_1045\lista_dubla_circulara.c(79,20): warning C4133: '=': incompatible types - from 'nodLS *' to 'nodLS *'
C:\Users\Administrator\source\repos\SDD2026\Seminar_3\Sem2SDD_1045\lista_dubla_circulara.c(88,28): warning C4133: '!=': incompatible types - from 'nodLS *' to 'nodLS *'
C:\Users\Administrator\source\repos\SDD2026\Seminar_3\Sem2SDD_1045\lista_dubla_circulara.c(94,20): warning C4133: '=': incompatible types - from 'nodLS *' to 'nodLS *'
C:\Users\Administrator\source\repos\SDD2026\Seminar_3\Sem2SDD_1045\lista_dubla_circulara.c(105,28): warning C4133: '!=': incompatible types - from 'nodLS *' to 'nodLS *'
C:\Users\Administrator\source\repos\SDD2026\Seminar_3\Sem2SDD_1045\lista_dubla_circulara.c(111,20): warning C4133: '=': incompatible types - from 'nodLS *' to 'nodLS *'
C:\Users\Administrator\source\repos\SDD2026\Seminar_3\Sem2SDD_1045\lista_dubla_circulara.c(122,26): warning C4133: '!=': incompatible types - from 'nodLS *' to 'nodLS *'
C:\Users\Administrator\source\repos\SDD2026\Seminar_3\Sem2SDD_1045\lista_dubla_circulara.c(124,1): warning C4133: 'initializing': incompatible types - from 'nodLS *' to 'nodLS *'
C:\Users\Administrator\source\repos\SDD2026\Seminar_3\Sem2SDD_1045\lista_dubla_circulara.c(147,26): warning C4133: '!=': incompatible types - from 'nodLS *' to 'nodLS *'
C:\Users\Administrator\source\repos\SDD2026\Seminar_3\Sem2SDD_1045\lista_dubla_circulara.c(154,20): warning C4133: '=': incompatible types - from 'nodLS *' to 'nodLS *'
C:\Users\Administrator\source\repos\SDD2026\Seminar_3\Sem2SDD_1045\lista_dubla_circulara.c(165,12): warning C4013: 'strcmp' undefined; assuming extern returning int
C:\Users\Administrator\source\repos\SDD2026\Seminar_3\Sem2SDD_1045\lista_dubla_circulara.c(168,22): warning C4133: '=': incompatible types - from 'nodLS *' to 'nodLS *'
C:\Users\Administrator\source\repos\SDD2026\Seminar_3\Sem2SDD_1045\lista_dubla_circulara.c(171,24): warning C4133: '=': incompatible types - from 'nodLS *' to 'nodLS *'
C:\Users\Administrator\source\repos\SDD2026\Seminar_3\Sem2SDD_1045\lista_dubla_circulara.c(172,24): warning C4133: '=': incompatible types - from 'nodLS *' to 'nodLS *'
C:\Users\Administrator\source\repos\SDD2026\Seminar_3\Sem2SDD_1045\lista_dubla_circulara.c(182,27): warning C4133: '=': incompatible types - from 'nodLS *' to 'nodLS *'
C:\Users\Administrator\source\repos\SDD2026\Seminar_3\Sem2SDD_1045\lista_dubla_circulara.c(185,25): warning C4133: '=': incompatible types - from 'nodLS *' to 'nodLS *'
C:\Users\Administrator\source\repos\SDD2026\Seminar_3\Sem2SDD_1045\lista_dubla_circulara.c(186,25): warning C4133: '=': incompatible types - from 'nodLS *' to 'nodLS *'
C:\Users\Administrator\source\repos\SDD2026\Seminar_3\Sem2SDD_1045\lista_dubla_circulara.c(195,29): warning C4133: '!=': incompatible types - from 'nodLS *' to 'nodLS *'
C:\Users\Administrator\source\repos\SDD2026\Seminar_3\Sem2SDD_1045\lista_dubla_circulara.c(201,30): warning C4133: '=': incompatible types - from 'nodLS *' to 'nodLS *'
C:\Users\Administrator\source\repos\SDD2026\Seminar_3\Sem2SDD_1045\lista_dubla_circulara.c(202,30): warning C4133: '=': incompatible types - from 'nodLS *' to 'nodLS *'
C:\Users\Administrator\source\repos\SDD2026\Seminar_3\Sem2SDD_1045\lista_dubla_circulara.c(209,23): warning C4133: '=': incompatible types - from 'nodLS *' to 'nodLS *'
C:\Users\Administrator\source\repos\SDD2026\Seminar_3\Sem2SDD_1045\lista_dubla_circulara.c(215,29): warning C4133: '=': incompatible types - from 'nodLS *' to 'nodLS *'
C:\Users\Administrator\source\repos\SDD2026\Seminar_3\Sem2SDD_1045\lista_dubla_circulara.c(216,29): warning C4133: '=': incompatible types - from 'nodLS *' to 'nodLS *'
C:\Users\Administrator\source\repos\SDD2026\Seminar_3\Sem2SDD_1045\lista_dubla_circulara.c(199,1): warning C4133: 'initializing': incompatible types - from 'nodLS *' to 'nodLS *'
C:\Users\Administrator\source\repos\SDD2026\Seminar_3\Sem2SDD_1045\lista_dubla_circulara.c(200,1): warning C4133: 'initializing': incompatible types - from 'nodLS *' to 'nodLS *'
C:\Users\Administrator\source\repos\SDD2026\Seminar_3\Sem2SDD_1045\lista_dubla_circulara.c(213,1): warning C4133: 'initializing': incompatible types - from 'nodLS *' to 'nodLS *'
C:\Users\Administrator\source\repos\SDD2026\Seminar_3\Sem2SDD_1045\lista_dubla_circulara.c(214,1): warning C4133: 'initializing': incompatible types - from 'nodLS *' to 'nodLS *'
C:\Users\Administrator\source\repos\SDD2026\Seminar_3\Sem2SDD_1045\lista_dubla_circulara.c(230,22): warning C4133: '=': incompatible types - from 'nodLS *' to 'nodLS *'
C:\Users\Administrator\source\repos\SDD2026\Seminar_3\Sem2SDD_1045\lista_dubla_circulara.c(231,24): warning C4133: '=': incompatible types - from 'nodLS *' to 'nodLS *'
C:\Users\Administrator\source\repos\SDD2026\Seminar_3\Sem2SDD_1045\lista_dubla_circulara.c(232,24): warning C4133: '=': incompatible types - from 'nodLS *' to 'nodLS *'
C:\Users\Administrator\source\repos\SDD2026\Seminar_3\Sem2SDD_1045\lista_dubla_circulara.c(241,29): warning C4133: '!=': incompatible types - from 'nodLS *' to 'nodLS *'
C:\Users\Administrator\source\repos\SDD2026\Seminar_3\Sem2SDD_1045\lista_dubla_circulara.c(247,30): warning C4133: '=': incompatible types - from 'nodLS *' to 'nodLS *'
C:\Users\Administrator\source\repos\SDD2026\Seminar_3\Sem2SDD_1045\lista_dubla_circulara.c(248,30): warning C4133: '=': incompatible types - from 'nodLS *' to 'nodLS *'
C:\Users\Administrator\source\repos\SDD2026\Seminar_3\Sem2SDD_1045\lista_dubla_circulara.c(255,23): warning C4133: '=': incompatible types - from 'nodLS *' to 'nodLS *'
C:\Users\Administrator\source\repos\SDD2026\Seminar_3\Sem2SDD_1045\lista_dubla_circulara.c(261,29): warning C4133: '=': incompatible types - from 'nodLS *' to 'nodLS *'
C:\Users\Administrator\source\repos\SDD2026\Seminar_3\Sem2SDD_1045\lista_dubla_circulara.c(262,29): warning C4133: '=': incompatible types - from 'nodLS *' to 'nodLS *'
C:\Users\Administrator\source\repos\SDD2026\Seminar_3\Sem2SDD_1045\lista_dubla_circulara.c(245,1): warning C4133: 'initializing': incompatible types - from 'nodLS *' to 'nodLS *'
C:\Users\Administrator\source\repos\SDD2026\Seminar_3\Sem2SDD_1045\lista_dubla_circulara.c(246,1): warning C4133: 'initializing': incompatible types - from 'nodLS *' to 'nodLS *'
C:\Users\Administrator\source\repos\SDD2026\Seminar_3\Sem2SDD_1045\lista_dubla_circulara.c(259,1): warning C4133: 'initializing': incompatible types - from 'nodLS *' to 'nodLS *'
C:\Users\Administrator\source\repos\SDD2026\Seminar_3\Sem2SDD_1045\lista_dubla_circulara.c(260,1): warning C4133: 'initializing': incompatible types - from 'nodLS *' to 'nodLS *'
  Sem2SDD_1045.vcxproj -> C:\Users\Administrator\source\repos\SDD2026\Seminar_3\Sem2SDD_1045\x64\Debug\Sem2SDD_1045.exe
